[player03.com/run/3/beta/index.html]
[backblue.gif]
[fade.gif]
[index.html]
[player03.com/run/3/beta/favicon.png]
[player03.com/run/3/beta/Run3.js]
[player03.com/run/3/beta/font/COMFORTAA-BOLD.woff]
[player03.com/run/3/beta/font/COMFORTAA-BOLDd41d.eot]
[player03.com/run/3/beta/font/COMFORTAA-BOLD.TTF]
[player03.com/run/3/beta/font/COMFORTAA-BOLD.svg]
[player03.com/run/3/beta/font/Comfortaa.woff]
[player03.com/run/3/beta/font/Comfortaad41d.eot]
[player03.com/run/3/beta/font/Comfortaa.otf]
[player03.com/run/3/beta/font/PERMANENTMARKERd41d.eot]
[player03.com/run/3/beta/font/PERMANENTMARKER.woff]
[player03.com/run/3/beta/font/PERMANENTMARKER.TTF]
[player03.com/run/3/beta/index.html]
[player03.com/run/3/beta/font/COMFORTAA-BOLD.svg]
[player03.com/run/3/beta/font/PERMANENTMARKER.svg]
[player03.com/run/3/beta/font/PERMANENTMARKER.svg]
